<?xml version="1.0" encoding="UTF-8"?>
<!-- Generated by org.testng.reporters.JUnitReportReporter -->
<testsuite hostname="LAPTOP-56N481MG" failures="0" tests="3" name="Test_Automation.Automation.AppTest" time="193.057" errors="0" timestamp="2024-04-08T18:49:29 IST" skipped="0">
  <testcase classname="Test_Automation.Automation.AppTest" name="TestApp" time="35.826"/>
  <testcase classname="Test_Automation.Automation.AppTest" name="FindCountry" time="65.933"/>
  <testcase classname="Test_Automation.Automation.AppTest" name="oddRow" time="91.298"/>
</testsuite> <!-- Test_Automation.Automation.AppTest -->
